[ 2016-06-20T09:41:06+08:00 ] 127.0.0.1 /index.php/Admin/Index/left.html
ERR: 1064:You have an error in your SQL syntax; check the manual that corresponds to your MySQL server version for the right syntax to use near ') and auth_level=0 )' at line 1
 [ SQL语句 ] : SELECT * FROM `dj_auth` WHERE ( auth_id in () and auth_level=0 ) 

[ 2016-06-20T10:12:11+08:00 ] 127.0.0.1 /index.php/Admin/Index/left.html
ERR: 1064:You have an error in your SQL syntax; check the manual that corresponds to your MySQL server version for the right syntax to use near ') and auth_level=0 )' at line 1
 [ SQL语句 ] : SELECT * FROM `dj_auth` WHERE ( auth_id in () and auth_level=0 ) 

[ 2016-06-20T10:13:53+08:00 ] 127.0.0.1 /index.php/admin/login
ERR: 无法加载控制器:Login

[ 2016-06-20T12:00:19+08:00 ] 127.0.0.1 /index.php/Admin/Admin/checkCode.html?code=wqeq
INFO: [ app_begin ] --START--
INFO: Run Behavior\ReadHtmlCacheBehavior [ RunTime:0.001000s ]
INFO: [ app_begin ] --END-- [ RunTime:0.001000s ]
SQL: SHOW COLUMNS FROM `dj_manager` [ RunTime:0.0070s ]
SQL: SELECT r.role_auth_ac FROM dj_manager m LEFT JOIN dj_role r on m.mg_role_id=r.role_id  WHERE `mg_id` = null LIMIT 1   [ RunTime:0.0010s ]
INFO: [ app_end ] --START--
INFO: Run Behavior\ShowPageTraceBehavior [ RunTime:0.002000s ]
INFO: [ app_end ] --END-- [ RunTime:0.002000s ]

[ 2016-06-20T12:00:20+08:00 ] 127.0.0.1 /index.php/Admin/Admin/checkCode.html?code=wqeq
INFO: [ app_begin ] --START--
INFO: Run Behavior\ReadHtmlCacheBehavior [ RunTime:0.001000s ]
INFO: [ app_begin ] --END-- [ RunTime:0.002000s ]
SQL: SHOW COLUMNS FROM `dj_manager` [ RunTime:0.0080s ]
SQL: SELECT r.role_auth_ac FROM dj_manager m LEFT JOIN dj_role r on m.mg_role_id=r.role_id  WHERE `mg_id` = null LIMIT 1   [ RunTime:0.0010s ]
INFO: [ app_end ] --START--
INFO: Run Behavior\ShowPageTraceBehavior [ RunTime:0.003000s ]
INFO: [ app_end ] --END-- [ RunTime:0.003000s ]

[ 2016-06-20T12:00:21+08:00 ] 127.0.0.1 /index.php/Admin/Admin/checkCode.html?code=wqeq
INFO: [ app_begin ] --START--
INFO: Run Behavior\ReadHtmlCacheBehavior [ RunTime:0.000000s ]
INFO: [ app_begin ] --END-- [ RunTime:0.001000s ]
SQL: SHOW COLUMNS FROM `dj_manager` [ RunTime:0.0070s ]
SQL: SELECT r.role_auth_ac FROM dj_manager m LEFT JOIN dj_role r on m.mg_role_id=r.role_id  WHERE `mg_id` = null LIMIT 1   [ RunTime:0.0010s ]
INFO: [ app_end ] --START--
INFO: Run Behavior\ShowPageTraceBehavior [ RunTime:0.002000s ]
INFO: [ app_end ] --END-- [ RunTime:0.002000s ]

[ 2016-06-20T12:00:23+08:00 ] 127.0.0.1 /index.php/Admin/Admin/checkCode.html?code=wqeq
INFO: [ app_begin ] --START--
INFO: Run Behavior\ReadHtmlCacheBehavior [ RunTime:0.006000s ]
INFO: [ app_begin ] --END-- [ RunTime:0.006000s ]
SQL: SHOW COLUMNS FROM `dj_manager` [ RunTime:0.0090s ]
SQL: SELECT r.role_auth_ac FROM dj_manager m LEFT JOIN dj_role r on m.mg_role_id=r.role_id  WHERE `mg_id` = null LIMIT 1   [ RunTime:0.0010s ]
INFO: [ app_end ] --START--
INFO: Run Behavior\ShowPageTraceBehavior [ RunTime:0.003000s ]
INFO: [ app_end ] --END-- [ RunTime:0.003000s ]

[ 2016-06-20T12:00:24+08:00 ] 127.0.0.1 /index.php/Admin/Admin/checkCode.html?code=wqeq
INFO: [ app_begin ] --START--
INFO: Run Behavior\ReadHtmlCacheBehavior [ RunTime:0.001000s ]
INFO: [ app_begin ] --END-- [ RunTime:0.001000s ]
SQL: SHOW COLUMNS FROM `dj_manager` [ RunTime:0.0060s ]
SQL: SELECT r.role_auth_ac FROM dj_manager m LEFT JOIN dj_role r on m.mg_role_id=r.role_id  WHERE `mg_id` = null LIMIT 1   [ RunTime:0.0010s ]
INFO: [ app_end ] --START--
INFO: Run Behavior\ShowPageTraceBehavior [ RunTime:0.001001s ]
INFO: [ app_end ] --END-- [ RunTime:0.001001s ]

[ 2016-06-20T12:00:25+08:00 ] 127.0.0.1 /index.php/Admin/Admin/checkCode.html?code=wqeq
INFO: [ app_begin ] --START--
INFO: Run Behavior\ReadHtmlCacheBehavior [ RunTime:0.000000s ]
INFO: [ app_begin ] --END-- [ RunTime:0.001000s ]
SQL: SHOW COLUMNS FROM `dj_manager` [ RunTime:0.0070s ]
SQL: SELECT r.role_auth_ac FROM dj_manager m LEFT JOIN dj_role r on m.mg_role_id=r.role_id  WHERE `mg_id` = null LIMIT 1   [ RunTime:0.0010s ]
INFO: [ app_end ] --START--
INFO: Run Behavior\ShowPageTraceBehavior [ RunTime:0.002000s ]
INFO: [ app_end ] --END-- [ RunTime:0.002000s ]

[ 2016-06-20T12:00:26+08:00 ] 127.0.0.1 /index.php/Admin/Admin/checkCode.html?code=wqeq
INFO: [ app_begin ] --START--
INFO: Run Behavior\ReadHtmlCacheBehavior [ RunTime:0.001000s ]
INFO: [ app_begin ] --END-- [ RunTime:0.001000s ]
SQL: SHOW COLUMNS FROM `dj_manager` [ RunTime:0.0080s ]
SQL: SELECT r.role_auth_ac FROM dj_manager m LEFT JOIN dj_role r on m.mg_role_id=r.role_id  WHERE `mg_id` = null LIMIT 1   [ RunTime:0.0020s ]
INFO: [ app_end ] --START--
INFO: Run Behavior\ShowPageTraceBehavior [ RunTime:0.002000s ]
INFO: [ app_end ] --END-- [ RunTime:0.002000s ]

[ 2016-06-20T12:00:27+08:00 ] 127.0.0.1 /index.php/Admin/Admin/checkCode.html?code=wqeq
INFO: [ app_begin ] --START--
INFO: Run Behavior\ReadHtmlCacheBehavior [ RunTime:0.001000s ]
INFO: [ app_begin ] --END-- [ RunTime:0.002000s ]
SQL: SHOW COLUMNS FROM `dj_manager` [ RunTime:0.0080s ]
SQL: SELECT r.role_auth_ac FROM dj_manager m LEFT JOIN dj_role r on m.mg_role_id=r.role_id  WHERE `mg_id` = null LIMIT 1   [ RunTime:0.0000s ]
INFO: [ app_end ] --START--
INFO: Run Behavior\ShowPageTraceBehavior [ RunTime:0.002001s ]
INFO: [ app_end ] --END-- [ RunTime:0.003001s ]

[ 2016-06-20T12:00:28+08:00 ] 127.0.0.1 /index.php/Admin/Admin/checkCode.html?code=wqeq
INFO: [ app_begin ] --START--
INFO: Run Behavior\ReadHtmlCacheBehavior [ RunTime:0.001000s ]
INFO: [ app_begin ] --END-- [ RunTime:0.001000s ]
SQL: SHOW COLUMNS FROM `dj_manager` [ RunTime:0.0080s ]
SQL: SELECT r.role_auth_ac FROM dj_manager m LEFT JOIN dj_role r on m.mg_role_id=r.role_id  WHERE `mg_id` = null LIMIT 1   [ RunTime:0.0000s ]
INFO: [ app_end ] --START--
INFO: Run Behavior\ShowPageTraceBehavior [ RunTime:0.002000s ]
INFO: [ app_end ] --END-- [ RunTime:0.002000s ]

[ 2016-06-20T12:00:29+08:00 ] 127.0.0.1 /index.php/Admin/Admin/checkCode.html?code=wqeq
INFO: [ app_begin ] --START--
INFO: Run Behavior\ReadHtmlCacheBehavior [ RunTime:0.000000s ]
INFO: [ app_begin ] --END-- [ RunTime:0.001000s ]
SQL: SHOW COLUMNS FROM `dj_manager` [ RunTime:0.0050s ]
SQL: SELECT r.role_auth_ac FROM dj_manager m LEFT JOIN dj_role r on m.mg_role_id=r.role_id  WHERE `mg_id` = null LIMIT 1   [ RunTime:0.0000s ]
INFO: [ app_end ] --START--
INFO: Run Behavior\ShowPageTraceBehavior [ RunTime:0.002001s ]
INFO: [ app_end ] --END-- [ RunTime:0.002001s ]

[ 2016-06-20T12:00:51+08:00 ] 127.0.0.1 /index.php/Admin/Admin/checkCode.html?code=zxby
INFO: [ app_begin ] --START--
INFO: Run Behavior\ReadHtmlCacheBehavior [ RunTime:0.001000s ]
INFO: [ app_begin ] --END-- [ RunTime:0.001000s ]
SQL: SHOW COLUMNS FROM `dj_manager` [ RunTime:0.0080s ]
SQL: SELECT r.role_auth_ac FROM dj_manager m LEFT JOIN dj_role r on m.mg_role_id=r.role_id  WHERE `mg_id` = null LIMIT 1   [ RunTime:0.0010s ]
INFO: [ app_end ] --START--
INFO: Run Behavior\ShowPageTraceBehavior [ RunTime:0.001001s ]
INFO: [ app_end ] --END-- [ RunTime:0.001001s ]

[ 2016-06-20T12:01:06+08:00 ] 127.0.0.1 /index.php/Admin/Admin/checkCode.html?code=eew1
INFO: [ app_begin ] --START--
INFO: Run Behavior\ReadHtmlCacheBehavior [ RunTime:0.001000s ]
INFO: [ app_begin ] --END-- [ RunTime:0.001000s ]
SQL: SHOW COLUMNS FROM `dj_manager` [ RunTime:0.0080s ]
SQL: SELECT r.role_auth_ac FROM dj_manager m LEFT JOIN dj_role r on m.mg_role_id=r.role_id  WHERE `mg_id` = null LIMIT 1   [ RunTime:0.0010s ]
INFO: [ app_end ] --START--
INFO: Run Behavior\ShowPageTraceBehavior [ RunTime:0.002000s ]
INFO: [ app_end ] --END-- [ RunTime:0.002000s ]

[ 2016-06-20T12:01:11+08:00 ] 127.0.0.1 /index.php/Admin/Admin/checkCode.html?code=5bfn
INFO: [ app_begin ] --START--
INFO: Run Behavior\ReadHtmlCacheBehavior [ RunTime:0.001000s ]
INFO: [ app_begin ] --END-- [ RunTime:0.001000s ]
SQL: SHOW COLUMNS FROM `dj_manager` [ RunTime:0.0080s ]
SQL: SELECT r.role_auth_ac FROM dj_manager m LEFT JOIN dj_role r on m.mg_role_id=r.role_id  WHERE `mg_id` = null LIMIT 1   [ RunTime:0.0010s ]
INFO: [ app_end ] --START--
INFO: Run Behavior\ShowPageTraceBehavior [ RunTime:0.002000s ]
INFO: [ app_end ] --END-- [ RunTime:0.002000s ]

[ 2016-06-20T12:02:15+08:00 ] 127.0.0.1 /index.php/Admin/Admin/checkCode.html?code=3cuh
INFO: [ app_begin ] --START--
INFO: Run Behavior\ReadHtmlCacheBehavior [ RunTime:0.001000s ]
INFO: [ app_begin ] --END-- [ RunTime:0.001000s ]
SQL: SHOW COLUMNS FROM `dj_manager` [ RunTime:0.0080s ]
SQL: SELECT r.role_auth_ac FROM dj_manager m LEFT JOIN dj_role r on m.mg_role_id=r.role_id  WHERE `mg_id` = null LIMIT 1   [ RunTime:0.0010s ]
INFO: [ app_end ] --START--
INFO: Run Behavior\ShowPageTraceBehavior [ RunTime:0.002000s ]
INFO: [ app_end ] --END-- [ RunTime:0.003001s ]

[ 2016-06-20T12:02:29+08:00 ] 127.0.0.1 /index.php/Admin/Admin/checkCode.html?code=3a3d
INFO: [ app_begin ] --START--
INFO: Run Behavior\ReadHtmlCacheBehavior [ RunTime:0.001000s ]
INFO: [ app_begin ] --END-- [ RunTime:0.002000s ]
SQL: SHOW COLUMNS FROM `dj_manager` [ RunTime:0.0070s ]
SQL: SELECT r.role_auth_ac FROM dj_manager m LEFT JOIN dj_role r on m.mg_role_id=r.role_id  WHERE `mg_id` = null LIMIT 1   [ RunTime:0.0010s ]
INFO: [ app_end ] --START--
INFO: Run Behavior\ShowPageTraceBehavior [ RunTime:0.003000s ]
INFO: [ app_end ] --END-- [ RunTime:0.003000s ]

[ 2016-06-20T12:08:41+08:00 ] 127.0.0.1 /index.php/Admin/Admin/checkCode.html?code=quh8
INFO: [ app_begin ] --START--
INFO: Run Behavior\ReadHtmlCacheBehavior [ RunTime:0.001000s ]
INFO: [ app_begin ] --END-- [ RunTime:0.001000s ]
SQL: SHOW COLUMNS FROM `dj_manager` [ RunTime:0.0040s ]
SQL: SELECT r.role_auth_ac FROM dj_manager m LEFT JOIN dj_role r on m.mg_role_id=r.role_id  WHERE `mg_id` = null LIMIT 1   [ RunTime:0.0000s ]
INFO: [ app_end ] --START--
INFO: Run Behavior\ShowPageTraceBehavior [ RunTime:0.001000s ]
INFO: [ app_end ] --END-- [ RunTime:0.001000s ]

[ 2016-06-20T12:12:57+08:00 ] 127.0.0.1 /index.php/Admin/Goods/category
ERR: 非法操作:category

[ 2016-06-20T12:19:29+08:00 ] 127.0.0.1 /index.php/Admin/Admin/checkCode.html?code=ivmv
INFO: [ app_begin ] --START--
INFO: Run Behavior\ReadHtmlCacheBehavior [ RunTime:0.000000s ]
INFO: [ app_begin ] --END-- [ RunTime:0.001000s ]
SQL: SHOW COLUMNS FROM `dj_manager` [ RunTime:0.0040s ]
SQL: SELECT r.role_auth_ac FROM dj_manager m LEFT JOIN dj_role r on m.mg_role_id=r.role_id  WHERE `mg_id` = null LIMIT 1   [ RunTime:0.0010s ]
INFO: [ app_end ] --START--
INFO: Run Behavior\ShowPageTraceBehavior [ RunTime:0.000000s ]
INFO: [ app_end ] --END-- [ RunTime:0.001000s ]

[ 2016-06-20T12:19:30+08:00 ] 127.0.0.1 /index.php/Admin/Admin/checkCode.html?code=ivmm
INFO: [ app_begin ] --START--
INFO: Run Behavior\ReadHtmlCacheBehavior [ RunTime:0.001000s ]
INFO: [ app_begin ] --END-- [ RunTime:0.002000s ]
SQL: SHOW COLUMNS FROM `dj_manager` [ RunTime:0.0060s ]
SQL: SELECT r.role_auth_ac FROM dj_manager m LEFT JOIN dj_role r on m.mg_role_id=r.role_id  WHERE `mg_id` = null LIMIT 1   [ RunTime:0.0000s ]
INFO: [ app_end ] --START--
INFO: Run Behavior\ShowPageTraceBehavior [ RunTime:0.002001s ]
INFO: [ app_end ] --END-- [ RunTime:0.002001s ]

[ 2016-06-20T12:19:35+08:00 ] 127.0.0.1 /index.php/Admin/Admin/checkCode.html?code=fftm
INFO: [ app_begin ] --START--
INFO: Run Behavior\ReadHtmlCacheBehavior [ RunTime:0.001000s ]
INFO: [ app_begin ] --END-- [ RunTime:0.002000s ]
SQL: SHOW COLUMNS FROM `dj_manager` [ RunTime:0.0080s ]
SQL: SELECT r.role_auth_ac FROM dj_manager m LEFT JOIN dj_role r on m.mg_role_id=r.role_id  WHERE `mg_id` = null LIMIT 1   [ RunTime:0.0020s ]
INFO: [ app_end ] --START--
INFO: Run Behavior\ShowPageTraceBehavior [ RunTime:0.003000s ]
INFO: [ app_end ] --END-- [ RunTime:0.003000s ]

[ 2016-06-20T12:51:44+08:00 ] 127.0.0.1 /index.php/Admin/Admin/checkCode.html?code=vzgt
INFO: [ app_begin ] --START--
INFO: Run Behavior\ReadHtmlCacheBehavior [ RunTime:0.001000s ]
INFO: [ app_begin ] --END-- [ RunTime:0.002000s ]
INFO: [ app_end ] --START--
INFO: Run Behavior\ShowPageTraceBehavior [ RunTime:0.001000s ]
INFO: [ app_end ] --END-- [ RunTime:0.001000s ]

[ 2016-06-20T12:53:46+08:00 ] 127.0.0.1 /index.php/Admin/Admin/checkCode.html?code=6wvm
INFO: [ app_begin ] --START--
INFO: Run Behavior\ReadHtmlCacheBehavior [ RunTime:0.001000s ]
INFO: [ app_begin ] --END-- [ RunTime:0.002000s ]
INFO: [ app_end ] --START--
INFO: Run Behavior\ShowPageTraceBehavior [ RunTime:0.001000s ]
INFO: [ app_end ] --END-- [ RunTime:0.001000s ]

[ 2016-06-20T12:53:50+08:00 ] 127.0.0.1 /index.php/Admin/Admin/checkCode.html?code=2cm5
INFO: [ app_begin ] --START--
INFO: Run Behavior\ReadHtmlCacheBehavior [ RunTime:0.001000s ]
INFO: [ app_begin ] --END-- [ RunTime:0.001000s ]
INFO: [ app_end ] --START--
INFO: Run Behavior\ShowPageTraceBehavior [ RunTime:0.001000s ]
INFO: [ app_end ] --END-- [ RunTime:0.001000s ]

